<?xml version="1.0" encoding="UTF-8"?>
<testsuite name="ru.zhuvikin.auth.matrix.MatrixTranspositionTest" tests="3" skipped="0" failures="0" errors="0" timestamp="2017-12-01T00:17:26" hostname="MacBook-Pro-Zhuvikin.local" time="0.001">
  <properties/>
  <testcase name="testTransposition1" classname="ru.zhuvikin.auth.matrix.MatrixTranspositionTest" time="0.0"/>
  <testcase name="testTransposition2" classname="ru.zhuvikin.auth.matrix.MatrixTranspositionTest" time="0.0"/>
  <testcase name="testTransposition3" classname="ru.zhuvikin.auth.matrix.MatrixTranspositionTest" time="0.0"/>
  <system-out><![CDATA[]]></system-out>
  <system-err><![CDATA[]]></system-err>
</testsuite>
