<?xml version="1.0" encoding="UTF-8"?>
<testsuite name="ru.zhuvikin.auth.matrix.MatrixAddRowTest" tests="2" skipped="0" failures="0" errors="0" timestamp="2017-12-01T00:17:26" hostname="MacBook-Pro-Zhuvikin.local" time="0.002">
  <properties/>
  <testcase name="addRowTest1" classname="ru.zhuvikin.auth.matrix.MatrixAddRowTest" time="0.001"/>
  <testcase name="addRowTest2" classname="ru.zhuvikin.auth.matrix.MatrixAddRowTest" time="0.001"/>
  <system-out><![CDATA[matrix1: Matrix(3, 2) :
1 0 0 
0 0 0 


matrix2: Matrix(3, 2) :
0 0 0 
0 1 0 


]]></system-out>
  <system-err><![CDATA[]]></system-err>
</testsuite>
