<?xml version="1.0" encoding="UTF-8"?>
<testsuite name="ru.zhuvikin.auth.matrix.MatrixLUDecompositionTest" tests="1" skipped="0" failures="0" errors="0" timestamp="2017-12-01T00:17:26" hostname="MacBook-Pro-Zhuvikin.local" time="0.006">
  <properties/>
  <testcase name="testDecomposition" classname="ru.zhuvikin.auth.matrix.MatrixLUDecompositionTest" time="0.006"/>
  <system-out><![CDATA[matrix: Matrix(7, 6) :
0 0 0 1 0 1 0 
0 1 0 0 0 0 1 
1 0 0 0 0 0 0 
0 1 1 0 0 0 0 
1 0 1 0 0 0 0 
0 0 0 0 0 0 1 


left: Matrix(6, 6) :
0 0 0 1 0 0 
0 1 0 0 0 0 
1 0 0 0 0 0 
0 1 1 0 0 0 
1 0 1 0 1 0 
0 0 0 0 1 0 


upper: Matrix(7, 6) :
1 0 0 0 0 0 0 
0 1 0 0 0 0 1 
0 0 1 0 0 0 1 
0 0 0 1 0 1 0 
0 0 0 0 0 0 1 
0 0 0 0 0 0 0 


left multiplied by upper: Matrix(7, 6) :
0 0 0 1 0 1 0 
0 1 0 0 0 0 1 
1 0 0 0 0 0 0 
0 1 1 0 0 0 0 
1 0 1 0 0 0 0 
0 0 0 0 0 0 1 


]]></system-out>
  <system-err><![CDATA[]]></system-err>
</testsuite>
