<?xml version="1.0" encoding="UTF-8"?>
<testsuite name="ru.zhuvikin.auth.matrix.MatrixMultiplicationTest" tests="4" skipped="0" failures="0" errors="0" timestamp="2017-12-01T00:17:26" hostname="MacBook-Pro-Zhuvikin.local" time="0.007">
  <properties/>
  <testcase name="testMultiplication1" classname="ru.zhuvikin.auth.matrix.MatrixMultiplicationTest" time="0.001"/>
  <testcase name="testMultiplication2" classname="ru.zhuvikin.auth.matrix.MatrixMultiplicationTest" time="0.001"/>
  <testcase name="testMultiplication3" classname="ru.zhuvikin.auth.matrix.MatrixMultiplicationTest" time="0.002"/>
  <testcase name="testMultiplication4" classname="ru.zhuvikin.auth.matrix.MatrixMultiplicationTest" time="0.002"/>
  <system-out><![CDATA[testMultiplication1
matrix1: Matrix(3, 2) :
0 1 1 
0 0 1 


matrix2: Matrix(3, 3) :
0 0 0 
0 0 0 
0 1 0 


expected: Matrix(3, 2) :
0 1 0 
0 1 0 


testMultiplication2
matrix1: Matrix(3, 4) :
0 1 1 
0 0 0 
0 0 0 
1 0 0 


matrix2: Matrix(2, 3) :
1 1 
1 0 
1 1 


expected: Matrix(2, 4) :
0 1 
0 0 
0 0 
1 1 


testMultiplication3
matrix1: Matrix(3, 9) :
0 1 1 
0 1 0 
0 0 0 
0 1 0 
0 0 0 
0 1 1 
0 0 0 
0 1 0 
1 0 0 


matrix2: Matrix(2, 3) :
1 1 
0 1 
1 1 


expected: Matrix(2, 9) :
1 0 
0 1 
0 0 
0 1 
0 0 
1 0 
0 0 
0 1 
1 1 


testMultiplication4
matrix1: Matrix(7, 5) :
0 0 0 0 0 0 0 
0 0 0 1 0 1 0 
0 0 0 0 0 0 0 
1 1 0 0 0 0 1 
0 0 0 0 0 0 0 


matrix2: Matrix(4, 7) :
1 0 0 0 
0 1 0 0 
0 0 0 0 
0 0 0 0 
0 0 0 0 
0 1 1 1 
0 0 0 0 


expected: Matrix(4, 5) :
0 0 0 0 
0 1 1 1 
0 0 0 0 
1 1 0 0 
0 0 0 0 


]]></system-out>
  <system-err><![CDATA[]]></system-err>
</testsuite>
