<?xml version="1.0" encoding="UTF-8"?>
<testsuite name="ru.zhuvikin.auth.matrix.MatrixEqualityTest" tests="8" skipped="0" failures="0" errors="0" timestamp="2017-12-01T00:17:26" hostname="MacBook-Pro-Zhuvikin.local" time="0.005">
  <properties/>
  <testcase name="testInequality1" classname="ru.zhuvikin.auth.matrix.MatrixEqualityTest" time="0.0"/>
  <testcase name="testInequality2" classname="ru.zhuvikin.auth.matrix.MatrixEqualityTest" time="0.0"/>
  <testcase name="testInequality3" classname="ru.zhuvikin.auth.matrix.MatrixEqualityTest" time="0.001"/>
  <testcase name="testInequality4" classname="ru.zhuvikin.auth.matrix.MatrixEqualityTest" time="0.001"/>
  <testcase name="testEquality1" classname="ru.zhuvikin.auth.matrix.MatrixEqualityTest" time="0.0"/>
  <testcase name="testEquality2" classname="ru.zhuvikin.auth.matrix.MatrixEqualityTest" time="0.0"/>
  <testcase name="testEquality3" classname="ru.zhuvikin.auth.matrix.MatrixEqualityTest" time="0.0"/>
  <testcase name="testEquality4" classname="ru.zhuvikin.auth.matrix.MatrixEqualityTest" time="0.0"/>
  <system-out><![CDATA[]]></system-out>
  <system-err><![CDATA[]]></system-err>
</testsuite>
